
*** Running vivado
    with args -log top_modul.vds -m64 -product Vivado -mode batch -messageDb vivado.pb -notrace -source top_modul.tcl



****** Vivado v2023.1 (64-bit)
  **** SW Build 3865809 on Sun May  7 15:05:29 MDT 2023
  **** IP Build 3864474 on Sun May  7 20:36:21 MDT 2023
  **** SharedData Build 3865790 on Sun May 07 13:33:03 MDT 2023
    ** Copyright 1986-2022 Xilinx, Inc. All Rights Reserved.
    ** Copyright 2022-2023 Advanced Micro Devices, Inc. All Rights Reserved.

source top_modul.tcl -notrace
Command: read_checkpoint -auto_incremental -incremental D:/www/Projects/RGB/prj/vivado/rgb/rgb.srcs/utils_1/imports/synth_1/top_modul.dcp
INFO: [Vivado 12-5825] Read reference checkpoint from D:/www/Projects/RGB/prj/vivado/rgb/rgb.srcs/utils_1/imports/synth_1/top_modul.dcp for incremental synthesis
INFO: [Vivado 12-7989] Please ensure there are no constraint changes
Command: synth_design -top top_modul -part xc7a100tcsg324-1
Starting synth_design
Attempting to get a license for feature 'Synthesis' and/or device 'xc7a100t'
INFO: [Common 17-349] Got license for feature 'Synthesis' and/or device 'xc7a100t'
INFO: [Device 21-403] Loading part xc7a100tcsg324-1
INFO: [Designutils 20-5440] No compile time benefit to using incremental synthesis; A full resynthesis will be run
INFO: [Designutils 20-4379] Flow is switching to default flow due to incremental criteria not met. If you would like to alter this behaviour and have the flow terminate instead, please set the following parameter config_implementation {autoIncr.Synth.RejectBehavior Terminate}
INFO: [Synth 8-7079] Multithreading enabled for synth_design using a maximum of 2 processes.
INFO: [Synth 8-7078] Launching helper process for spawning children vivado processes
INFO: [Synth 8-7075] Helper process launched with PID 744
WARNING: [Synth 8-11145] root scope declaration is not allowed in Verilog 95/2K mode [D:/www/Projects/RGB/src/xHdl/verilog/parameters.vh:6]
WARNING: [Synth 8-11145] root scope declaration is not allowed in Verilog 95/2K mode [D:/www/Projects/RGB/src/xHdl/verilog/parameters.vh:8]
INFO: [Synth 8-11241] undeclared symbol 'reeset_n', assumed default net type 'wire' [D:/www/Projects/RGB/src/xHdl/verilog/top_modul.v:60]
---------------------------------------------------------------------------------
Starting RTL Elaboration : Time (s): cpu = 00:00:04 ; elapsed = 00:00:04 . Memory (MB): peak = 2270.684 ; gain = 411.223
---------------------------------------------------------------------------------
INFO: [Synth 8-6157] synthesizing module 'top_modul' [D:/www/Projects/RGB/src/xHdl/verilog/top_modul.v:8]
INFO: [Synth 8-6157] synthesizing module 'clock' [D:/www/Projects/RGB/src/xHdl/verilog/clock.v:4]
INFO: [Synth 8-6155] done synthesizing module 'clock' (0#1) [D:/www/Projects/RGB/src/xHdl/verilog/clock.v:4]
INFO: [Synth 8-6157] synthesizing module 'refreshcounter' [D:/www/Projects/RGB/src/xHdl/verilog/refreshcounter.v:3]
INFO: [Synth 8-6155] done synthesizing module 'refreshcounter' (0#1) [D:/www/Projects/RGB/src/xHdl/verilog/refreshcounter.v:3]
INFO: [Synth 8-6157] synthesizing module 'encoder' [D:/www/Projects/RGB/src/xHdl/verilog/encoder.v:3]
INFO: [Synth 8-6155] done synthesizing module 'encoder' (0#1) [D:/www/Projects/RGB/src/xHdl/verilog/encoder.v:3]
INFO: [Synth 8-6157] synthesizing module 'BCD_contr' [D:/www/Projects/RGB/src/xHdl/verilog/BCD_contr.v:3]
WARNING: [Synth 8-567] referenced signal 'res' should be on the sensitivity list [D:/www/Projects/RGB/src/xHdl/verilog/BCD_contr.v:11]
INFO: [Synth 8-6155] done synthesizing module 'BCD_contr' (0#1) [D:/www/Projects/RGB/src/xHdl/verilog/BCD_contr.v:3]
INFO: [Synth 8-6157] synthesizing module 'anode_contr' [D:/www/Projects/RGB/src/xHdl/verilog/anode_contr.v:3]
INFO: [Synth 8-6155] done synthesizing module 'anode_contr' (0#1) [D:/www/Projects/RGB/src/xHdl/verilog/anode_contr.v:3]
INFO: [Synth 8-6157] synthesizing module 'rgb_led' [D:/www/Projects/RGB/src/xHdl/verilog/rgb_led.v:5]
INFO: [Synth 8-6155] done synthesizing module 'rgb_led' (0#1) [D:/www/Projects/RGB/src/xHdl/verilog/rgb_led.v:5]
INFO: [Synth 8-6157] synthesizing module 'rgb_delit' [D:/www/Projects/RGB/src/xHdl/verilog/rgb_delit.v:4]
INFO: [Synth 8-6157] synthesizing module 'pwm_d' [D:/www/Projects/RGB/src/xHdl/verilog/pwm_d.v:4]
INFO: [Synth 8-6155] done synthesizing module 'pwm_d' (0#1) [D:/www/Projects/RGB/src/xHdl/verilog/pwm_d.v:4]
INFO: [Synth 8-6155] done synthesizing module 'rgb_delit' (0#1) [D:/www/Projects/RGB/src/xHdl/verilog/rgb_delit.v:4]
INFO: [Synth 8-6155] done synthesizing module 'top_modul' (0#1) [D:/www/Projects/RGB/src/xHdl/verilog/top_modul.v:8]
WARNING: [Synth 8-3848] Net reeset_n in module/entity top_modul does not have driver. [D:/www/Projects/RGB/src/xHdl/verilog/top_modul.v:60]
WARNING: [Synth 8-7129] Port reset_n in module rgb_delit is either unconnected or has no load
WARNING: [Synth 8-7129] Port reset_n in module rgb_led is either unconnected or has no load
---------------------------------------------------------------------------------
Finished RTL Elaboration : Time (s): cpu = 00:00:06 ; elapsed = 00:00:06 . Memory (MB): peak = 2361.840 ; gain = 502.379
---------------------------------------------------------------------------------
---------------------------------------------------------------------------------
Start Handling Custom Attributes
---------------------------------------------------------------------------------
---------------------------------------------------------------------------------
Finished Handling Custom Attributes : Time (s): cpu = 00:00:06 ; elapsed = 00:00:06 . Memory (MB): peak = 2379.754 ; gain = 520.293
---------------------------------------------------------------------------------
---------------------------------------------------------------------------------
Finished RTL Optimization Phase 1 : Time (s): cpu = 00:00:06 ; elapsed = 00:00:06 . Memory (MB): peak = 2379.754 ; gain = 520.293
---------------------------------------------------------------------------------
Netlist sorting complete. Time (s): cpu = 00:00:00 ; elapsed = 00:00:00.001 . Memory (MB): peak = 2379.754 ; gain = 0.000
INFO: [Project 1-570] Preparing netlist for logic optimization

Processing XDC Constraints
Initializing timing engine
Parsing XDC File [D:/www/Projects/RGB/src/xdc/Pin.xdc]
Finished Parsing XDC File [D:/www/Projects/RGB/src/xdc/Pin.xdc]
INFO: [Project 1-236] Implementation specific constraints were found while reading constraint file [D:/www/Projects/RGB/src/xdc/Pin.xdc]. These constraints will be ignored for synthesis but will be used in implementation. Impacted constraints are listed in the file [.Xil/top_modul_propImpl.xdc].
Resolution: To avoid this warning, move constraints listed in [.Xil/top_modul_propImpl.xdc] to another XDC file and exclude this new file from synthesis with the used_in_synthesis property (File Properties dialog in GUI) and re-run elaboration/synthesis.
Completed Processing XDC Constraints

Netlist sorting complete. Time (s): cpu = 00:00:00 ; elapsed = 00:00:00 . Memory (MB): peak = 2480.289 ; gain = 0.000
INFO: [Project 1-111] Unisim Transformation Summary:
No Unisim elements were transformed.

Constraint Validation Runtime : Time (s): cpu = 00:00:00 ; elapsed = 00:00:00.001 . Memory (MB): peak = 2480.289 ; gain = 0.000
INFO: [Designutils 20-5440] No compile time benefit to using incremental synthesis; A full resynthesis will be run
INFO: [Designutils 20-4379] Flow is switching to default flow due to incremental criteria not met. If you would like to alter this behaviour and have the flow terminate instead, please set the following parameter config_implementation {autoIncr.Synth.RejectBehavior Terminate}
---------------------------------------------------------------------------------
Finished Constraint Validation : Time (s): cpu = 00:00:11 ; elapsed = 00:00:11 . Memory (MB): peak = 2480.289 ; gain = 620.828
---------------------------------------------------------------------------------
---------------------------------------------------------------------------------
Start Loading Part and Timing Information
---------------------------------------------------------------------------------
Loading part: xc7a100tcsg324-1
---------------------------------------------------------------------------------
Finished Loading Part and Timing Information : Time (s): cpu = 00:00:11 ; elapsed = 00:00:11 . Memory (MB): peak = 2480.289 ; gain = 620.828
---------------------------------------------------------------------------------
---------------------------------------------------------------------------------
Start Applying 'set_property' XDC Constraints
---------------------------------------------------------------------------------
---------------------------------------------------------------------------------
Finished applying 'set_property' XDC Constraints : Time (s): cpu = 00:00:11 ; elapsed = 00:00:11 . Memory (MB): peak = 2480.289 ; gain = 620.828
---------------------------------------------------------------------------------
---------------------------------------------------------------------------------
Finished RTL Optimization Phase 2 : Time (s): cpu = 00:00:12 ; elapsed = 00:00:12 . Memory (MB): peak = 2480.289 ; gain = 620.828
---------------------------------------------------------------------------------
---------------------------------------------------------------------------------
Start RTL Component Statistics 
---------------------------------------------------------------------------------
Detailed RTL Component Info : 
+---Adders : 
	   3 Input   32 Bit       Adders := 1     
	   2 Input    8 Bit       Adders := 3     
	   2 Input    5 Bit       Adders := 1     
	   2 Input    2 Bit       Adders := 1     
+---Registers : 
	                8 Bit    Registers := 3     
	                6 Bit    Registers := 2     
	                5 Bit    Registers := 1     
	                3 Bit    Registers := 1     
	                2 Bit    Registers := 2     
	                1 Bit    Registers := 3     
+---Muxes : 
	   4 Input    8 Bit        Muxes := 1     
	   7 Input    7 Bit        Muxes := 1     
	   2 Input    6 Bit        Muxes := 2     
	  16 Input    6 Bit        Muxes := 2     
	   2 Input    3 Bit        Muxes := 1     
	  16 Input    3 Bit        Muxes := 1     
	   4 Input    1 Bit        Muxes := 2     
	   2 Input    1 Bit        Muxes := 1     
---------------------------------------------------------------------------------
Finished RTL Component Statistics 
---------------------------------------------------------------------------------
---------------------------------------------------------------------------------
Start Part Resource Summary
---------------------------------------------------------------------------------
Part Resources:
DSPs: 240 (col length:80)
BRAMs: 270 (col length: RAMB18 80 RAMB36 40)
---------------------------------------------------------------------------------
Finished Part Resource Summary
---------------------------------------------------------------------------------
---------------------------------------------------------------------------------
Start Cross Boundary and Area Optimization
---------------------------------------------------------------------------------
WARNING: [Synth 8-7080] Parallel synthesis criteria is not met
WARNING: [Synth 8-7129] Port reset_n in module top_modul is either unconnected or has no load
---------------------------------------------------------------------------------
Finished Cross Boundary and Area Optimization : Time (s): cpu = 00:00:14 ; elapsed = 00:00:14 . Memory (MB): peak = 2480.289 ; gain = 620.828
---------------------------------------------------------------------------------
---------------------------------------------------------------------------------
Start Applying XDC Timing Constraints
---------------------------------------------------------------------------------
---------------------------------------------------------------------------------
Finished Applying XDC Timing Constraints : Time (s): cpu = 00:00:18 ; elapsed = 00:00:18 . Memory (MB): peak = 2480.289 ; gain = 620.828
---------------------------------------------------------------------------------
---------------------------------------------------------------------------------
Start Timing Optimization
---------------------------------------------------------------------------------
---------------------------------------------------------------------------------
Finished Timing Optimization : Time (s): cpu = 00:00:18 ; elapsed = 00:00:18 . Memory (MB): peak = 2480.289 ; gain = 620.828
---------------------------------------------------------------------------------
---------------------------------------------------------------------------------
Start Technology Mapping
---------------------------------------------------------------------------------
---------------------------------------------------------------------------------
Finished Technology Mapping : Time (s): cpu = 00:00:18 ; elapsed = 00:00:18 . Memory (MB): peak = 2480.289 ; gain = 620.828
---------------------------------------------------------------------------------
---------------------------------------------------------------------------------
Start IO Insertion
---------------------------------------------------------------------------------
---------------------------------------------------------------------------------
Start Flattening Before IO Insertion
---------------------------------------------------------------------------------
---------------------------------------------------------------------------------
Finished Flattening Before IO Insertion
---------------------------------------------------------------------------------
---------------------------------------------------------------------------------
Start Final Netlist Cleanup
---------------------------------------------------------------------------------
---------------------------------------------------------------------------------
Finished Final Netlist Cleanup
---------------------------------------------------------------------------------
---------------------------------------------------------------------------------
Finished IO Insertion : Time (s): cpu = 00:00:21 ; elapsed = 00:00:21 . Memory (MB): peak = 2480.289 ; gain = 620.828
---------------------------------------------------------------------------------
---------------------------------------------------------------------------------
Start Renaming Generated Instances
---------------------------------------------------------------------------------
---------------------------------------------------------------------------------
Finished Renaming Generated Instances : Time (s): cpu = 00:00:21 ; elapsed = 00:00:21 . Memory (MB): peak = 2480.289 ; gain = 620.828
---------------------------------------------------------------------------------
---------------------------------------------------------------------------------
Start Rebuilding User Hierarchy
---------------------------------------------------------------------------------
---------------------------------------------------------------------------------
Finished Rebuilding User Hierarchy : Time (s): cpu = 00:00:21 ; elapsed = 00:00:21 . Memory (MB): peak = 2480.289 ; gain = 620.828
---------------------------------------------------------------------------------
---------------------------------------------------------------------------------
Start Renaming Generated Ports
---------------------------------------------------------------------------------
---------------------------------------------------------------------------------
Finished Renaming Generated Ports : Time (s): cpu = 00:00:21 ; elapsed = 00:00:21 . Memory (MB): peak = 2480.289 ; gain = 620.828
---------------------------------------------------------------------------------
---------------------------------------------------------------------------------
Start Handling Custom Attributes
---------------------------------------------------------------------------------
---------------------------------------------------------------------------------
Finished Handling Custom Attributes : Time (s): cpu = 00:00:21 ; elapsed = 00:00:21 . Memory (MB): peak = 2480.289 ; gain = 620.828
---------------------------------------------------------------------------------
---------------------------------------------------------------------------------
Start Renaming Generated Nets
---------------------------------------------------------------------------------
---------------------------------------------------------------------------------
Finished Renaming Generated Nets : Time (s): cpu = 00:00:21 ; elapsed = 00:00:21 . Memory (MB): peak = 2480.289 ; gain = 620.828
---------------------------------------------------------------------------------
---------------------------------------------------------------------------------
Start Writing Synthesis Report
---------------------------------------------------------------------------------

Report BlackBoxes: 
+-+--------------+----------+
| |BlackBox name |Instances |
+-+--------------+----------+
+-+--------------+----------+

Report Cell Usage: 
+------+-------+------+
|      |Cell   |Count |
+------+-------+------+
|1     |BUFG   |     1|
|2     |CARRY4 |     7|
|3     |LUT1   |     4|
|4     |LUT2   |    10|
|5     |LUT3   |    20|
|6     |LUT4   |    17|
|7     |LUT5   |    23|
|8     |LUT6   |    10|
|9     |FDRE   |    45|
|10    |IBUF   |     4|
|11    |OBUF   |    18|
+------+-------+------+
---------------------------------------------------------------------------------
Finished Writing Synthesis Report : Time (s): cpu = 00:00:21 ; elapsed = 00:00:21 . Memory (MB): peak = 2480.289 ; gain = 620.828
---------------------------------------------------------------------------------
Synthesis finished with 0 errors, 0 critical warnings and 2 warnings.
Synthesis Optimization Runtime : Time (s): cpu = 00:00:14 ; elapsed = 00:00:20 . Memory (MB): peak = 2480.289 ; gain = 520.293
Synthesis Optimization Complete : Time (s): cpu = 00:00:21 ; elapsed = 00:00:21 . Memory (MB): peak = 2480.289 ; gain = 620.828
INFO: [Project 1-571] Translating synthesized netlist
Netlist sorting complete. Time (s): cpu = 00:00:00 ; elapsed = 00:00:00.001 . Memory (MB): peak = 2480.289 ; gain = 0.000
INFO: [Netlist 29-17] Analyzing 7 Unisim elements for replacement
INFO: [Netlist 29-28] Unisim Transformation completed in 0 CPU seconds
INFO: [Project 1-570] Preparing netlist for logic optimization
INFO: [Opt 31-138] Pushed 0 inverter(s) to 0 load pin(s).
Netlist sorting complete. Time (s): cpu = 00:00:00 ; elapsed = 00:00:00 . Memory (MB): peak = 2480.289 ; gain = 0.000
INFO: [Project 1-111] Unisim Transformation Summary:
No Unisim elements were transformed.

Synth Design complete | Checksum: adf3d8a6
INFO: [Common 17-83] Releasing license: Synthesis
40 Infos, 8 Warnings, 0 Critical Warnings and 0 Errors encountered.
synth_design completed successfully
synth_design: Time (s): cpu = 00:00:24 ; elapsed = 00:00:25 . Memory (MB): peak = 2480.289 ; gain = 1020.523
INFO: [Common 17-1381] The checkpoint 'D:/www/Projects/RGB/prj/vivado/rgb/rgb.runs/synth_1/top_modul.dcp' has been generated.
INFO: [runtcl-4] Executing : report_utilization -file top_modul_utilization_synth.rpt -pb top_modul_utilization_synth.pb
INFO: [Common 17-206] Exiting Vivado at Tue Jul  4 13:44:38 2023...
